{"/Users/sumit/MyData/RnProjects/CircleTest/App.js": {"path":"/Users/sumit/MyData/RnProjects/CircleTest/App.js","statementMap":{"0":{"start":{"line":4,"column":12},"end":{"line":24,"column":1}},"1":{"start":{"line":5,"column":32},"end":{"line":5,"column":48}},"2":{"start":{"line":7,"column":2},"end":{"line":23,"column":4}},"3":{"start":{"line":12,"column":10},"end":{"line":14,"column":46}},"4":{"start":{"line":13,"column":12},"end":{"line":13,"column":39}},"5":{"start":{"line":26,"column":15},"end":{"line":33,"column":2}}},"fnMap":{"0":{"name":"(anonymous_0)","decl":{"start":{"line":4,"column":12},"end":{"line":4,"column":13}},"loc":{"start":{"line":4,"column":18},"end":{"line":24,"column":1}},"line":4},"1":{"name":"(anonymous_1)","decl":{"start":{"line":11,"column":17},"end":{"line":11,"column":18}},"loc":{"start":{"line":11,"column":23},"end":{"line":15,"column":9}},"line":11},"2":{"name":"(anonymous_2)","decl":{"start":{"line":12,"column":21},"end":{"line":12,"column":22}},"loc":{"start":{"line":12,"column":27},"end":{"line":14,"column":11}},"line":12}},"branchMap":{"0":{"loc":{"start":{"line":17,"column":7},"end":{"line":21,"column":7}},"type":"binary-expr","locations":[{"start":{"line":17,"column":7},"end":{"line":17,"column":14}},{"start":{"line":18,"column":8},"end":{"line":20,"column":15}}],"line":17}},"s":{"0":1,"1":2,"2":2,"3":1,"4":1,"5":1},"f":{"0":2,"1":1,"2":1},"b":{"0":[2,1]},"_coverageSchema":"1a1c01bbd47fc00a2c39e90264f33305004495a9","hash":"ef32db9aac7a34117fd8aa77f45d842204bfa265"}
}
